<?xml version="1.0" encoding="UTF-8"?>
<!-- Generated by org.testng.reporters.JUnitReportReporter -->
<testsuite hostname="LAPTOP-5KMFOFH9" failures="0" tests="4" name="com.SwagLabs.TestCases.CartPageTest" time="0.691" errors="0" timestamp="2023-10-11T18:45:51 IST" skipped="0">
  <testcase classname="com.SwagLabs.TestCases.CartPageTest" name="openCartPage" time="0.114"/>
  <system-out/>
  <testcase classname="com.SwagLabs.TestCases.CartPageTest" name="verifyRemove" time="0.070"/>
  <system-out/>
  <testcase classname="com.SwagLabs.TestCases.CartPageTest" name="verifyContinueShopping" time="0.378"/>
  <system-out/>
  <testcase classname="com.SwagLabs.TestCases.CartPageTest" name="verifyCheckout" time="0.129"/>
  <system-out/>
</testsuite> <!-- com.SwagLabs.TestCases.CartPageTest -->
