<?xml version="1.0" encoding="UTF-8"?>
<!-- Generated by org.testng.reporters.JUnitReportReporter -->
<testsuite hostname="LAPTOP-5KMFOFH9" failures="0" tests="3" name="com.SwagLabs.TestCases.LoginPageTest" time="0.694" errors="0" timestamp="2023-10-10T18:52:02 IST" skipped="0">
  <testcase classname="com.SwagLabs.TestCases.LoginPageTest" name="verifyCurrentUrl" time="0.025"/>
  <system-out/>
  <testcase classname="com.SwagLabs.TestCases.LoginPageTest" name="verifyLogin" time="0.655"/>
  <system-out/>
  <testcase classname="com.SwagLabs.TestCases.LoginPageTest" name="verifyAppTitle" time="0.014"/>
  <system-out/>
</testsuite> <!-- com.SwagLabs.TestCases.LoginPageTest -->
